This is pdfTeX, Version 3.14159265-2.6-1.40.16 (TeX Live 2015) (preloaded format=pdflatex 2015.5.24)  4 DEC 2017 09:15
entering extended mode
 restricted \write18 enabled.
 file:line:error style messages enabled.
 %&-line parsing enabled.
**final_project.tex
(./final_project.tex
LaTeX2e <2015/01/01>
Babel <3.9l> and hyphenation patterns for 79 languages loaded.
(/usr/local/texlive/2015/texmf-dist/tex/latex/base/article.cls
Document Class: article 2014/09/29 v1.4h Standard LaTeX document class
(/usr/local/texlive/2015/texmf-dist/tex/latex/base/size10.clo
File: size10.clo 2014/09/29 v1.4h Standard LaTeX file (size option)
)
\c@part=\count79
\c@section=\count80
\c@subsection=\count81
\c@subsubsection=\count82
\c@paragraph=\count83
\c@subparagraph=\count84
\c@figure=\count85
\c@table=\count86
\abovecaptionskip=\skip41
\belowcaptionskip=\skip42
\bibindent=\dimen102
) (./cvpr.sty
(./eso-pic.sty
Package: eso-pic 2002/11/16 v1.1b eso-pic (RN)
 (./cvpr_eso.sty

LaTeX Warning: You have requested package `eso-pic',
               but the package provides `everyshi'.

Package: everyshi 2001/05/15 v3.00 EveryShipout Package (MS)
) (/usr/local/texlive/2015/texmf-dist/tex/latex/graphics/keyval.sty
Package: keyval 2014/10/28 v1.15 key=value parser (DPC)
\KV@toks@=\toks14
))
(/usr/local/texlive/2015/texmf-dist/tex/latex/tools/xspace.sty
Package: xspace 2014/10/28 v1.13 Space after command names (DPC,MH)
)
CVPR 8.5 x 11-Inch Proceedings Style `cvpr.sty'.
\@ctmp=\skip43
\@figindent=\skip44
\cvprrulerbox=\box26
\cvprrulercount=\count87
\cvprruleroffset=\dimen103
\cv@lineheight=\dimen104
\cv@boxheight=\dimen105
\cv@tmpbox=\box27
\cv@refno=\count88
\cv@tot=\count89
\cv@tmpc@=\count90
\cv@tmpc=\count91
) (/usr/local/texlive/2015/texmf-dist/tex/latex/psnfss/times.sty
Package: times 2005/04/12 PSNFSS-v9.2a (SPQR) 
)
(/usr/local/texlive/2015/texmf-dist/tex/latex/graphics/epsfig.sty
Package: epsfig 1999/02/16 v1.7a (e)psfig emulation (SPQR)

(/usr/local/texlive/2015/texmf-dist/tex/latex/graphics/graphicx.sty
Package: graphicx 2014/10/28 v1.0g Enhanced LaTeX Graphics (DPC,SPQR)

(/usr/local/texlive/2015/texmf-dist/tex/latex/graphics/graphics.sty
Package: graphics 2014/10/28 v1.0p Standard LaTeX Graphics (DPC,SPQR)

(/usr/local/texlive/2015/texmf-dist/tex/latex/graphics/trig.sty
Package: trig 1999/03/16 v1.09 sin cos tan (DPC)
)
(/usr/local/texlive/2015/texmf-dist/tex/latex/latexconfig/graphics.cfg
File: graphics.cfg 2010/04/23 v1.9 graphics configuration of TeX Live
)
Package graphics Info: Driver file: pdftex.def on input line 94.

(/usr/local/texlive/2015/texmf-dist/tex/latex/pdftex-def/pdftex.def
File: pdftex.def 2011/05/27 v0.06d Graphics/color for pdfTeX

(/usr/local/texlive/2015/texmf-dist/tex/generic/oberdiek/infwarerr.sty
Package: infwarerr 2010/04/08 v1.3 Providing info/warning/error messages (HO)
)
(/usr/local/texlive/2015/texmf-dist/tex/generic/oberdiek/ltxcmds.sty
Package: ltxcmds 2011/11/09 v1.22 LaTeX kernel commands for general use (HO)
)
\Gread@gobject=\count92
))
\Gin@req@height=\dimen106
\Gin@req@width=\dimen107
)
\epsfxsize=\dimen108
\epsfysize=\dimen109
)
(/usr/local/texlive/2015/texmf-dist/tex/latex/amsmath/amsmath.sty
Package: amsmath 2013/01/14 v2.14 AMS math features
\@mathmargin=\skip45

For additional information on amsmath, use the `?' option.
(/usr/local/texlive/2015/texmf-dist/tex/latex/amsmath/amstext.sty
Package: amstext 2000/06/29 v2.01

(/usr/local/texlive/2015/texmf-dist/tex/latex/amsmath/amsgen.sty
File: amsgen.sty 1999/11/30 v2.0
\@emptytoks=\toks15
\ex@=\dimen110
))
(/usr/local/texlive/2015/texmf-dist/tex/latex/amsmath/amsbsy.sty
Package: amsbsy 1999/11/29 v1.2d
\pmbraise@=\dimen111
)
(/usr/local/texlive/2015/texmf-dist/tex/latex/amsmath/amsopn.sty
Package: amsopn 1999/12/14 v2.01 operator names
)
\inf@bad=\count93
LaTeX Info: Redefining \frac on input line 210.
\uproot@=\count94
\leftroot@=\count95
LaTeX Info: Redefining \overline on input line 306.
\classnum@=\count96
\DOTSCASE@=\count97
LaTeX Info: Redefining \ldots on input line 378.
LaTeX Info: Redefining \dots on input line 381.
LaTeX Info: Redefining \cdots on input line 466.
\Mathstrutbox@=\box28
\strutbox@=\box29
\big@size=\dimen112
LaTeX Font Info:    Redeclaring font encoding OML on input line 566.
LaTeX Font Info:    Redeclaring font encoding OMS on input line 567.
\macc@depth=\count98
\c@MaxMatrixCols=\count99
\dotsspace@=\muskip10
\c@parentequation=\count100
\dspbrk@lvl=\count101
\tag@help=\toks16
\row@=\count102
\column@=\count103
\maxfields@=\count104
\andhelp@=\toks17
\eqnshift@=\dimen113
\alignsep@=\dimen114
\tagshift@=\dimen115
\tagwidth@=\dimen116
\totwidth@=\dimen117
\lineht@=\dimen118
\@envbody=\toks18
\multlinegap=\skip46
\multlinetaggap=\skip47
\mathdisplay@stack=\toks19
LaTeX Info: Redefining \[ on input line 2665.
LaTeX Info: Redefining \] on input line 2666.
)
(/usr/local/texlive/2015/texmf-dist/tex/latex/amsfonts/amssymb.sty
Package: amssymb 2013/01/14 v3.01 AMS font symbols

(/usr/local/texlive/2015/texmf-dist/tex/latex/amsfonts/amsfonts.sty
Package: amsfonts 2013/01/14 v3.01 Basic AMSFonts support
\symAMSa=\mathgroup4
\symAMSb=\mathgroup5
LaTeX Font Info:    Overwriting math alphabet `\mathfrak' in version `bold'
(Font)                  U/euf/m/n --> U/euf/b/n on input line 106.
))
(/usr/local/texlive/2015/texmf-dist/tex/latex/float/float.sty
Package: float 2001/11/08 v1.3d Float enhancements (AL)
\c@float@type=\count105
\float@exts=\toks20
\float@box=\box30
\@float@everytoks=\toks21
\@floatcapt=\box31
)
(/usr/local/texlive/2015/texmf-dist/tex/latex/hyperref/hyperref.sty
Package: hyperref 2012/11/06 v6.83m Hypertext links for LaTeX

(/usr/local/texlive/2015/texmf-dist/tex/generic/oberdiek/hobsub-hyperref.sty
Package: hobsub-hyperref 2012/05/28 v1.13 Bundle oberdiek, subset hyperref (HO)


(/usr/local/texlive/2015/texmf-dist/tex/generic/oberdiek/hobsub-generic.sty
Package: hobsub-generic 2012/05/28 v1.13 Bundle oberdiek, subset generic (HO)
Package: hobsub 2012/05/28 v1.13 Construct package bundles (HO)
Package hobsub Info: Skipping package `infwarerr' (already loaded).
Package hobsub Info: Skipping package `ltxcmds' (already loaded).
Package: ifluatex 2010/03/01 v1.3 Provides the ifluatex switch (HO)
Package ifluatex Info: LuaTeX not detected.
Package: ifvtex 2010/03/01 v1.5 Detect VTeX and its facilities (HO)
Package ifvtex Info: VTeX not detected.
Package: intcalc 2007/09/27 v1.1 Expandable calculations with integers (HO)
Package: ifpdf 2011/01/30 v2.3 Provides the ifpdf switch (HO)
Package ifpdf Info: pdfTeX in PDF mode is detected.
Package: etexcmds 2011/02/16 v1.5 Avoid name clashes with e-TeX commands (HO)
Package etexcmds Info: Could not find \expanded.
(etexcmds)             That can mean that you are not using pdfTeX 1.50 or
(etexcmds)             that some package has redefined \expanded.
(etexcmds)             In the latter case, load this package earlier.
Package: kvsetkeys 2012/04/25 v1.16 Key value parser (HO)
Package: kvdefinekeys 2011/04/07 v1.3 Define keys (HO)
Package: pdftexcmds 2011/11/29 v0.20 Utility functions of pdfTeX for LuaTeX (HO
)
Package pdftexcmds Info: LuaTeX not detected.
Package pdftexcmds Info: \pdf@primitive is available.
Package pdftexcmds Info: \pdf@ifprimitive is available.
Package pdftexcmds Info: \pdfdraftmode found.
Package: pdfescape 2011/11/25 v1.13 Implements pdfTeX's escape features (HO)
Package: bigintcalc 2012/04/08 v1.3 Expandable calculations on big integers (HO
)
Package: bitset 2011/01/30 v1.1 Handle bit-vector datatype (HO)
Package: uniquecounter 2011/01/30 v1.2 Provide unlimited unique counter (HO)
)
Package hobsub Info: Skipping package `hobsub' (already loaded).
Package: letltxmacro 2010/09/02 v1.4 Let assignment for LaTeX macros (HO)
Package: hopatch 2012/05/28 v1.2 Wrapper for package hooks (HO)
Package: xcolor-patch 2011/01/30 xcolor patch
Package: atveryend 2011/06/30 v1.8 Hooks at the very end of document (HO)
Package atveryend Info: \enddocument detected (standard20110627).
Package: atbegshi 2011/10/05 v1.16 At begin shipout hook (HO)
Package: refcount 2011/10/16 v3.4 Data extraction from label references (HO)
Package: hycolor 2011/01/30 v1.7 Color options for hyperref/bookmark (HO)
)
(/usr/local/texlive/2015/texmf-dist/tex/generic/ifxetex/ifxetex.sty
Package: ifxetex 2010/09/12 v0.6 Provides ifxetex conditional
)
(/usr/local/texlive/2015/texmf-dist/tex/latex/oberdiek/auxhook.sty
Package: auxhook 2011/03/04 v1.3 Hooks for auxiliary files (HO)
)
(/usr/local/texlive/2015/texmf-dist/tex/latex/oberdiek/kvoptions.sty
Package: kvoptions 2011/06/30 v3.11 Key value format for package options (HO)
)
\@linkdim=\dimen119
\Hy@linkcounter=\count106
\Hy@pagecounter=\count107

(/usr/local/texlive/2015/texmf-dist/tex/latex/hyperref/pd1enc.def
File: pd1enc.def 2012/11/06 v6.83m Hyperref: PDFDocEncoding definition (HO)
)
\Hy@SavedSpaceFactor=\count108

(/usr/local/texlive/2015/texmf-dist/tex/latex/latexconfig/hyperref.cfg
File: hyperref.cfg 2002/06/06 v1.2 hyperref configuration of TeXLive
)
Package hyperref Info: Option `breaklinks' set `true' on input line 4319.
Package hyperref Info: Option `bookmarks' set `false' on input line 4319.
Package hyperref Info: Hyper figures OFF on input line 4443.
Package hyperref Info: Link nesting OFF on input line 4448.
Package hyperref Info: Hyper index ON on input line 4451.
Package hyperref Info: Plain pages OFF on input line 4458.
Package hyperref Info: Backreferencing OFF on input line 4463.
Package hyperref Info: Implicit mode ON; LaTeX internals redefined.
Package hyperref Info: Bookmarks OFF on input line 4694.
\c@Hy@tempcnt=\count109

(/usr/local/texlive/2015/texmf-dist/tex/latex/url/url.sty
\Urlmuskip=\muskip11
Package: url 2013/09/16  ver 3.4  Verb mode for urls, etc.
)
LaTeX Info: Redefining \url on input line 5041.
\XeTeXLinkMargin=\dimen120
\Fld@menulength=\count110
\Field@Width=\dimen121
\Fld@charsize=\dimen122
Package hyperref Info: Hyper figures OFF on input line 6295.
Package hyperref Info: Link nesting OFF on input line 6300.
Package hyperref Info: Hyper index ON on input line 6303.
Package hyperref Info: backreferencing OFF on input line 6310.
Package hyperref Info: Link coloring OFF on input line 6315.
Package hyperref Info: Link coloring with OCG OFF on input line 6320.
Package hyperref Info: PDF/A mode OFF on input line 6325.
LaTeX Info: Redefining \ref on input line 6365.
LaTeX Info: Redefining \pageref on input line 6369.
\Hy@abspage=\count111
\c@Item=\count112
\c@Hfootnote=\count113
)

Package hyperref Message: Driver (autodetected): hpdftex.

(/usr/local/texlive/2015/texmf-dist/tex/latex/hyperref/hpdftex.def
File: hpdftex.def 2012/11/06 v6.83m Hyperref driver for pdfTeX
\Fld@listcount=\count114
\c@bookmark@seq@number=\count115

(/usr/local/texlive/2015/texmf-dist/tex/latex/oberdiek/rerunfilecheck.sty
Package: rerunfilecheck 2011/04/15 v1.7 Rerun checks for auxiliary files (HO)
Package uniquecounter Info: New unique counter `rerunfilecheck' on input line 2
82.
)
\Hy@SectionHShift=\skip48
)
(./final_project.aux)
\openout1 = `final_project.aux'.

LaTeX Font Info:    Checking defaults for OML/cmm/m/it on input line 26.
LaTeX Font Info:    ... okay on input line 26.
LaTeX Font Info:    Checking defaults for T1/cmr/m/n on input line 26.
LaTeX Font Info:    ... okay on input line 26.
LaTeX Font Info:    Checking defaults for OT1/cmr/m/n on input line 26.
LaTeX Font Info:    ... okay on input line 26.
LaTeX Font Info:    Checking defaults for OMS/cmsy/m/n on input line 26.
LaTeX Font Info:    ... okay on input line 26.
LaTeX Font Info:    Checking defaults for OMX/cmex/m/n on input line 26.
LaTeX Font Info:    ... okay on input line 26.
LaTeX Font Info:    Checking defaults for U/cmr/m/n on input line 26.
LaTeX Font Info:    ... okay on input line 26.
LaTeX Font Info:    Checking defaults for PD1/pdf/m/n on input line 26.
LaTeX Font Info:    ... okay on input line 26.
LaTeX Font Info:    Try loading font information for OT1+ptm on input line 26.

(/usr/local/texlive/2015/texmf-dist/tex/latex/psnfss/ot1ptm.fd
File: ot1ptm.fd 2001/06/04 font definitions for OT1/ptm.
)
ABD: EveryShipout initializing macros
(/usr/local/texlive/2015/texmf-dist/tex/latex/graphics/color.sty
Package: color 2014/10/28 v1.1a Standard LaTeX Color (DPC)

(/usr/local/texlive/2015/texmf-dist/tex/latex/latexconfig/color.cfg
File: color.cfg 2007/01/18 v1.5 color configuration of teTeX/TeXLive
)
Package color Info: Driver file: pdftex.def on input line 142.
)
(/usr/local/texlive/2015/texmf-dist/tex/context/base/supp-pdf.mkii
[Loading MPS to PDF converter (version 2006.09.02).]
\scratchcounter=\count116
\scratchdimen=\dimen123
\scratchbox=\box32
\nofMPsegments=\count117
\nofMParguments=\count118
\everyMPshowfont=\toks22
\MPscratchCnt=\count119
\MPscratchDim=\dimen124
\MPnumerator=\count120
\makeMPintoPDFobject=\count121
\everyMPtoPDFconversion=\toks23
) (/usr/local/texlive/2015/texmf-dist/tex/latex/oberdiek/epstopdf-base.sty
Package: epstopdf-base 2010/02/09 v2.5 Base part for package epstopdf

(/usr/local/texlive/2015/texmf-dist/tex/latex/oberdiek/grfext.sty
Package: grfext 2010/08/19 v1.1 Manage graphics extensions (HO)
)
Package grfext Info: Graphics extension search list:
(grfext)             [.png,.pdf,.jpg,.mps,.jpeg,.jbig2,.jb2,.PNG,.PDF,.JPG,.JPE
G,.JBIG2,.JB2,.eps]
(grfext)             \AppendGraphicsExtensions on input line 452.

(/usr/local/texlive/2015/texmf-dist/tex/latex/latexconfig/epstopdf-sys.cfg
File: epstopdf-sys.cfg 2010/07/13 v1.3 Configuration of (r)epstopdf for TeX Liv
e
))
\AtBeginShipoutBox=\box33
Package atbegshi Info: Package `everyshi' patched.
Package hyperref Info: Link coloring OFF on input line 26.

(/usr/local/texlive/2015/texmf-dist/tex/latex/hyperref/nameref.sty
Package: nameref 2012/10/27 v2.43 Cross-referencing by name of section

(/usr/local/texlive/2015/texmf-dist/tex/generic/oberdiek/gettitlestring.sty
Package: gettitlestring 2010/12/03 v1.4 Cleanup title references (HO)
)
\c@section@level=\count122
)
LaTeX Info: Redefining \ref on input line 26.
LaTeX Info: Redefining \pageref on input line 26.
LaTeX Info: Redefining \nameref on input line 26.
LaTeX Font Info:    Font shape `OT1/ptm/bx/n' in size <14.4> not available
(Font)              Font shape `OT1/ptm/b/n' tried instead on input line 49.
LaTeX Font Info:    Try loading font information for U+msa on input line 49.

(/usr/local/texlive/2015/texmf-dist/tex/latex/amsfonts/umsa.fd
File: umsa.fd 2013/01/14 v3.01 AMS symbols A
)
LaTeX Font Info:    Try loading font information for U+msb on input line 49.

(/usr/local/texlive/2015/texmf-dist/tex/latex/amsfonts/umsb.fd
File: umsb.fd 2013/01/14 v3.01 AMS symbols B
)
LaTeX Font Info:    Try loading font information for OT1+pcr on input line 49.

(/usr/local/texlive/2015/texmf-dist/tex/latex/psnfss/ot1pcr.fd
File: ot1pcr.fd 2001/06/04 font definitions for OT1/pcr.
)
LaTeX Font Info:    Font shape `OT1/ptm/bx/n' in size <12> not available
(Font)              Font shape `OT1/ptm/b/n' tried instead on input line 51.

<ex_1_bw.jpg, id=4, 433.62pt x 433.62pt>
File: ex_1_bw.jpg Graphic file (type jpg)
 <use ex_1_bw.jpg>
Package pdftex.def Info: ex_1_bw.jpg used on input line 63.
(pdftex.def)             Requested size: 49.68864pt x 49.68329pt.

<ex_1.jpg, id=5, 433.62pt x 433.62pt>
File: ex_1.jpg Graphic file (type jpg)
 <use ex_1.jpg>
Package pdftex.def Info: ex_1.jpg used on input line 64.
(pdftex.def)             Requested size: 49.68864pt x 49.68329pt.

<ex_2_bw.jpg, id=6, 433.62pt x 433.62pt>
File: ex_2_bw.jpg Graphic file (type jpg)
 <use ex_2_bw.jpg>
Package pdftex.def Info: ex_2_bw.jpg used on input line 65.
(pdftex.def)             Requested size: 49.68864pt x 49.68329pt.

<ex_2.jpeg, id=7, 433.62pt x 433.62pt>
File: ex_2.jpeg Graphic file (type jpg)
 <use ex_2.jpeg>
Package pdftex.def Info: ex_2.jpeg used on input line 66.
(pdftex.def)             Requested size: 49.68864pt x 49.68329pt.

<ex_3_bw.jpg, id=8, 433.62pt x 433.62pt>
File: ex_3_bw.jpg Graphic file (type jpg)
 <use ex_3_bw.jpg>
Package pdftex.def Info: ex_3_bw.jpg used on input line 67.
(pdftex.def)             Requested size: 49.68864pt x 49.68329pt.

<ex_3.jpeg, id=9, 433.62pt x 433.62pt>
File: ex_3.jpeg Graphic file (type jpg)
 <use ex_3.jpeg>
Package pdftex.def Info: ex_3.jpeg used on input line 68.
(pdftex.def)             Requested size: 49.68864pt x 49.68329pt.

<ex_4_bw.jpg, id=10, 433.62pt x 433.62pt>
File: ex_4_bw.jpg Graphic file (type jpg)
 <use ex_4_bw.jpg>
Package pdftex.def Info: ex_4_bw.jpg used on input line 69.
(pdftex.def)             Requested size: 49.68864pt x 49.68329pt.

<ex_4.jpg, id=11, 433.62pt x 433.62pt>
File: ex_4.jpg Graphic file (type jpg)
 <use ex_4.jpg>
Package pdftex.def Info: ex_4.jpg used on input line 70.
(pdftex.def)             Requested size: 49.68864pt x 49.68329pt.

<ex_5_bw.jpg, id=12, 433.62pt x 433.62pt>
File: ex_5_bw.jpg Graphic file (type jpg)
 <use ex_5_bw.jpg>
Package pdftex.def Info: ex_5_bw.jpg used on input line 71.
(pdftex.def)             Requested size: 49.68864pt x 49.68329pt.

<ex_5.jpeg, id=13, 433.62pt x 433.62pt>
File: ex_5.jpeg Graphic file (type jpg)
 <use ex_5.jpeg>
Package pdftex.def Info: ex_5.jpeg used on input line 72.
(pdftex.def)             Requested size: 49.68864pt x 49.68329pt.

<ex_6_bw.jpg, id=14, 433.62pt x 433.62pt>
File: ex_6_bw.jpg Graphic file (type jpg)
 <use ex_6_bw.jpg>
Package pdftex.def Info: ex_6_bw.jpg used on input line 73.
(pdftex.def)             Requested size: 49.68864pt x 49.68329pt.

<ex_6.jpg, id=15, 433.62pt x 433.62pt>
File: ex_6.jpg Graphic file (type jpg)
 <use ex_6.jpg>
Package pdftex.def Info: ex_6.jpg used on input line 74.
(pdftex.def)             Requested size: 49.68864pt x 49.68329pt.
 [1{/usr/local/texlive/2015/texmf-var/fonts/map/pdftex/updmap/pdftex.map}


 <./ex_1_bw.jpg> <./ex_1.jpg> <./ex_2_bw.jpg> <./ex_2.jpeg> <./ex_3_bw.jpg> <./
ex_3.jpeg> <./ex_4_bw.jpg> <./ex_4.jpg> <./ex_5_bw.jpg> <./ex_5.jpeg> <./ex_6_b
w.jpg> <./ex_6.jpg>]
<gen_arch.png, id=30, 472.76625pt x 141.52875pt>
File: gen_arch.png Graphic file (type png)
 <use gen_arch.png>
Package pdftex.def Info: gen_arch.png used on input line 106.
(pdftex.def)             Requested size: 496.85625pt x 148.74345pt.
 [2]
<disc_arch.png, id=45, 486.81876pt x 184.69pt>
File: disc_arch.png Graphic file (type png)
 <use disc_arch.png>
Package pdftex.def Info: disc_arch.png used on input line 136.
(pdftex.def)             Requested size: 496.85625pt x 188.49965pt.
 [3 <./gen_arch.png>] <training.png, id=56, 362.7954pt x 221.1462pt>
File: training.png Graphic file (type png)
 <use training.png>
Package pdftex.def Info: training.png used on input line 162.
(pdftex.def)             Requested size: 223.58379pt x 136.2926pt.

<analysis/most_cr_imgs_tot/48000.png, id=57, 185.0112pt x 185.0112pt>
File: analysis/most_cr_imgs_tot/48000.png Graphic file (type png)

<use analysis/most_cr_imgs_tot/48000.png>
Package pdftex.def Info: analysis/most_cr_imgs_tot/48000.png used on input line
 192.
(pdftex.def)             Requested size: 49.68864pt x 49.68832pt.

<analysis/most_cr_imgs_tot/gt/48000.png, id=58, 185.0112pt x 185.0112pt>
File: analysis/most_cr_imgs_tot/gt/48000.png Graphic file (type png)

<use analysis/most_cr_imgs_tot/gt/48000.png>
Package pdftex.def Info: analysis/most_cr_imgs_tot/gt/48000.png used on input l
ine 193.
(pdftex.def)             Requested size: 49.68864pt x 49.68832pt.

<analysis/most_cr_imgs_tot/48057.png, id=59, 185.0112pt x 185.0112pt>
File: analysis/most_cr_imgs_tot/48057.png Graphic file (type png)

<use analysis/most_cr_imgs_tot/48057.png>
Package pdftex.def Info: analysis/most_cr_imgs_tot/48057.png used on input line
 194.
(pdftex.def)             Requested size: 49.68864pt x 49.68832pt.

<analysis/most_cr_imgs_tot/gt/48057.png, id=60, 185.0112pt x 185.0112pt>
File: analysis/most_cr_imgs_tot/gt/48057.png Graphic file (type png)

<use analysis/most_cr_imgs_tot/gt/48057.png>
Package pdftex.def Info: analysis/most_cr_imgs_tot/gt/48057.png used on input l
ine 195.
(pdftex.def)             Requested size: 49.68864pt x 49.68832pt.

<analysis/most_cr_imgs_tot/48506.png, id=61, 185.0112pt x 185.0112pt>
File: analysis/most_cr_imgs_tot/48506.png Graphic file (type png)

<use analysis/most_cr_imgs_tot/48506.png>
Package pdftex.def Info: analysis/most_cr_imgs_tot/48506.png used on input line
 196.
(pdftex.def)             Requested size: 49.68864pt x 49.68832pt.

<analysis/most_cr_imgs_tot/gt/48506.png, id=62, 185.0112pt x 185.0112pt>
File: analysis/most_cr_imgs_tot/gt/48506.png Graphic file (type png)

<use analysis/most_cr_imgs_tot/gt/48506.png>
Package pdftex.def Info: analysis/most_cr_imgs_tot/gt/48506.png used on input l
ine 197.
(pdftex.def)             Requested size: 49.68864pt x 49.68832pt.

<analysis/most_cr_imgs_tot/48515.png, id=63, 185.0112pt x 185.0112pt>
File: analysis/most_cr_imgs_tot/48515.png Graphic file (type png)

<use analysis/most_cr_imgs_tot/48515.png>
Package pdftex.def Info: analysis/most_cr_imgs_tot/48515.png used on input line
 198.
(pdftex.def)             Requested size: 49.68864pt x 49.68832pt.

<analysis/most_cr_imgs_tot/gt/48515.png, id=64, 185.0112pt x 185.0112pt>
File: analysis/most_cr_imgs_tot/gt/48515.png Graphic file (type png)

<use analysis/most_cr_imgs_tot/gt/48515.png>
Package pdftex.def Info: analysis/most_cr_imgs_tot/gt/48515.png used on input l
ine 199.
(pdftex.def)             Requested size: 49.68864pt x 49.68832pt.

<analysis/most_cr_imgs_tot/48600.png, id=65, 185.0112pt x 185.0112pt>
File: analysis/most_cr_imgs_tot/48600.png Graphic file (type png)

<use analysis/most_cr_imgs_tot/48600.png>
Package pdftex.def Info: analysis/most_cr_imgs_tot/48600.png used on input line
 200.
(pdftex.def)             Requested size: 49.68864pt x 49.68832pt.

<analysis/most_cr_imgs_tot/gt/48600.png, id=66, 185.0112pt x 185.0112pt>
File: analysis/most_cr_imgs_tot/gt/48600.png Graphic file (type png)

<use analysis/most_cr_imgs_tot/gt/48600.png>
Package pdftex.def Info: analysis/most_cr_imgs_tot/gt/48600.png used on input l
ine 201.
(pdftex.def)             Requested size: 49.68864pt x 49.68832pt.

<analysis/most_cr_imgs_tot/48929.png, id=67, 185.0112pt x 185.0112pt>
File: analysis/most_cr_imgs_tot/48929.png Graphic file (type png)

<use analysis/most_cr_imgs_tot/48929.png>
Package pdftex.def Info: analysis/most_cr_imgs_tot/48929.png used on input line
 202.
(pdftex.def)             Requested size: 49.68864pt x 49.68832pt.

<analysis/most_cr_imgs_tot/gt/48929.png, id=68, 185.0112pt x 185.0112pt>
File: analysis/most_cr_imgs_tot/gt/48929.png Graphic file (type png)

<use analysis/most_cr_imgs_tot/gt/48929.png>
Package pdftex.def Info: analysis/most_cr_imgs_tot/gt/48929.png used on input l
ine 203.
(pdftex.def)             Requested size: 49.68864pt x 49.68832pt.

<analysis/most_cr_imgs_tot/48931.png, id=69, 185.0112pt x 185.0112pt>
File: analysis/most_cr_imgs_tot/48931.png Graphic file (type png)

<use analysis/most_cr_imgs_tot/48931.png>
Package pdftex.def Info: analysis/most_cr_imgs_tot/48931.png used on input line
 204.
(pdftex.def)             Requested size: 49.68864pt x 49.68832pt.

<analysis/most_cr_imgs_tot/gt/48931.png, id=70, 185.0112pt x 185.0112pt>
File: analysis/most_cr_imgs_tot/gt/48931.png Graphic file (type png)

<use analysis/most_cr_imgs_tot/gt/48931.png>
Package pdftex.def Info: analysis/most_cr_imgs_tot/gt/48931.png used on input l
ine 205.
(pdftex.def)             Requested size: 49.68864pt x 49.68832pt.

<analysis/most_cr_imgs_tot/49637.png, id=71, 185.0112pt x 185.0112pt>
File: analysis/most_cr_imgs_tot/49637.png Graphic file (type png)

<use analysis/most_cr_imgs_tot/49637.png>
Package pdftex.def Info: analysis/most_cr_imgs_tot/49637.png used on input line
 206.
(pdftex.def)             Requested size: 49.68864pt x 49.68832pt.

<analysis/most_cr_imgs_tot/gt/49637.png, id=72, 185.0112pt x 185.0112pt>
File: analysis/most_cr_imgs_tot/gt/49637.png Graphic file (type png)

<use analysis/most_cr_imgs_tot/gt/49637.png>
Package pdftex.def Info: analysis/most_cr_imgs_tot/gt/49637.png used on input l
ine 207.
(pdftex.def)             Requested size: 49.68864pt x 49.68832pt.

<analysis/most_cr_imgs_tot/49676.png, id=73, 185.0112pt x 185.0112pt>
File: analysis/most_cr_imgs_tot/49676.png Graphic file (type png)

<use analysis/most_cr_imgs_tot/49676.png>
Package pdftex.def Info: analysis/most_cr_imgs_tot/49676.png used on input line
 208.
(pdftex.def)             Requested size: 49.68864pt x 49.68832pt.

<analysis/most_cr_imgs_tot/gt/49676.png, id=74, 185.0112pt x 185.0112pt>
File: analysis/most_cr_imgs_tot/gt/49676.png Graphic file (type png)

<use analysis/most_cr_imgs_tot/gt/49676.png>
Package pdftex.def Info: analysis/most_cr_imgs_tot/gt/49676.png used on input l
ine 209.
(pdftex.def)             Requested size: 49.68864pt x 49.68832pt.

<analysis/most_cr_imgs_tot/49905.png, id=75, 185.0112pt x 185.0112pt>
File: analysis/most_cr_imgs_tot/49905.png Graphic file (type png)

<use analysis/most_cr_imgs_tot/49905.png>
Package pdftex.def Info: analysis/most_cr_imgs_tot/49905.png used on input line
 210.
(pdftex.def)             Requested size: 49.68864pt x 49.68832pt.

<analysis/most_cr_imgs_tot/gt/49905.png, id=76, 185.0112pt x 185.0112pt>
File: analysis/most_cr_imgs_tot/gt/49905.png Graphic file (type png)

<use analysis/most_cr_imgs_tot/gt/49905.png>
Package pdftex.def Info: analysis/most_cr_imgs_tot/gt/49905.png used on input l
ine 211.
(pdftex.def)             Requested size: 49.68864pt x 49.68832pt.

<analysis/most_gt_imgs_tot/49442.png, id=77, 185.0112pt x 185.0112pt>
File: analysis/most_gt_imgs_tot/49442.png Graphic file (type png)

<use analysis/most_gt_imgs_tot/49442.png>
Package pdftex.def Info: analysis/most_gt_imgs_tot/49442.png used on input line
 219.
(pdftex.def)             Requested size: 49.68864pt x 49.68832pt.

<analysis/most_gt_imgs_tot/cr/49442.png, id=78, 185.0112pt x 185.0112pt>
File: analysis/most_gt_imgs_tot/cr/49442.png Graphic file (type png)

<use analysis/most_gt_imgs_tot/cr/49442.png>
Package pdftex.def Info: analysis/most_gt_imgs_tot/cr/49442.png used on input l
ine 220.
(pdftex.def)             Requested size: 49.68864pt x 49.68832pt.

<analysis/most_gt_imgs_tot/49444.png, id=79, 185.0112pt x 185.0112pt>
File: analysis/most_gt_imgs_tot/49444.png Graphic file (type png)

<use analysis/most_gt_imgs_tot/49444.png>
Package pdftex.def Info: analysis/most_gt_imgs_tot/49444.png used on input line
 221.
(pdftex.def)             Requested size: 49.68864pt x 49.68832pt.

<analysis/most_gt_imgs_tot/cr/49444.png, id=80, 185.0112pt x 185.0112pt>
File: analysis/most_gt_imgs_tot/cr/49444.png Graphic file (type png)

<use analysis/most_gt_imgs_tot/cr/49444.png>
Package pdftex.def Info: analysis/most_gt_imgs_tot/cr/49444.png used on input l
ine 222.
(pdftex.def)             Requested size: 49.68864pt x 49.68832pt.

<analysis/most_gt_imgs_tot/49455.png, id=81, 185.0112pt x 185.0112pt>
File: analysis/most_gt_imgs_tot/49455.png Graphic file (type png)

<use analysis/most_gt_imgs_tot/49455.png>
Package pdftex.def Info: analysis/most_gt_imgs_tot/49455.png used on input line
 223.
(pdftex.def)             Requested size: 49.68864pt x 49.68832pt.

<analysis/most_gt_imgs_tot/cr/49455.png, id=82, 185.0112pt x 185.0112pt>
File: analysis/most_gt_imgs_tot/cr/49455.png Graphic file (type png)

<use analysis/most_gt_imgs_tot/cr/49455.png>
Package pdftex.def Info: analysis/most_gt_imgs_tot/cr/49455.png used on input l
ine 224.
(pdftex.def)             Requested size: 49.68864pt x 49.68832pt.

<analysis/most_gt_imgs_tot/49467.png, id=83, 185.0112pt x 185.0112pt>
File: analysis/most_gt_imgs_tot/49467.png Graphic file (type png)

<use analysis/most_gt_imgs_tot/49467.png>
Package pdftex.def Info: analysis/most_gt_imgs_tot/49467.png used on input line
 225.
(pdftex.def)             Requested size: 49.68864pt x 49.68832pt.

<analysis/most_gt_imgs_tot/cr/49467.png, id=84, 185.0112pt x 185.0112pt>
File: analysis/most_gt_imgs_tot/cr/49467.png Graphic file (type png)

<use analysis/most_gt_imgs_tot/cr/49467.png>
Package pdftex.def Info: analysis/most_gt_imgs_tot/cr/49467.png used on input l
ine 226.
(pdftex.def)             Requested size: 49.68864pt x 49.68832pt.

<analysis/most_gt_imgs_tot/49490.png, id=85, 185.0112pt x 185.0112pt>
File: analysis/most_gt_imgs_tot/49490.png Graphic file (type png)

<use analysis/most_gt_imgs_tot/49490.png>
Package pdftex.def Info: analysis/most_gt_imgs_tot/49490.png used on input line
 227.
(pdftex.def)             Requested size: 49.68864pt x 49.68832pt.

<analysis/most_gt_imgs_tot/cr/49490.png, id=86, 185.0112pt x 185.0112pt>
File: analysis/most_gt_imgs_tot/cr/49490.png Graphic file (type png)

<use analysis/most_gt_imgs_tot/cr/49490.png>
Package pdftex.def Info: analysis/most_gt_imgs_tot/cr/49490.png used on input l
ine 228.
(pdftex.def)             Requested size: 49.68864pt x 49.68832pt.

<analysis/most_gt_imgs_tot/49493.png, id=87, 185.0112pt x 185.0112pt>
File: analysis/most_gt_imgs_tot/49493.png Graphic file (type png)

<use analysis/most_gt_imgs_tot/49493.png>
Package pdftex.def Info: analysis/most_gt_imgs_tot/49493.png used on input line
 229.
(pdftex.def)             Requested size: 49.68864pt x 49.68832pt.

<analysis/most_gt_imgs_tot/cr/49493.png, id=88, 185.0112pt x 185.0112pt>
File: analysis/most_gt_imgs_tot/cr/49493.png Graphic file (type png)

<use analysis/most_gt_imgs_tot/cr/49493.png>
Package pdftex.def Info: analysis/most_gt_imgs_tot/cr/49493.png used on input l
ine 230.
(pdftex.def)             Requested size: 49.68864pt x 49.68832pt.

<analysis/most_gt_imgs_tot/49505.png, id=89, 185.0112pt x 185.0112pt>
File: analysis/most_gt_imgs_tot/49505.png Graphic file (type png)

<use analysis/most_gt_imgs_tot/49505.png>
Package pdftex.def Info: analysis/most_gt_imgs_tot/49505.png used on input line
 231.
(pdftex.def)             Requested size: 49.68864pt x 49.68832pt.

<analysis/most_gt_imgs_tot/cr/49505.png, id=90, 185.0112pt x 185.0112pt>
File: analysis/most_gt_imgs_tot/cr/49505.png Graphic file (type png)

<use analysis/most_gt_imgs_tot/cr/49505.png>
Package pdftex.def Info: analysis/most_gt_imgs_tot/cr/49505.png used on input l
ine 232.
(pdftex.def)             Requested size: 49.68864pt x 49.68832pt.

<analysis/most_gt_imgs_tot/49508.png, id=91, 185.0112pt x 185.0112pt>
File: analysis/most_gt_imgs_tot/49508.png Graphic file (type png)

<use analysis/most_gt_imgs_tot/49508.png>
Package pdftex.def Info: analysis/most_gt_imgs_tot/49508.png used on input line
 233.
(pdftex.def)             Requested size: 49.68864pt x 49.68832pt.

<analysis/most_gt_imgs_tot/cr/49508.png, id=92, 185.0112pt x 185.0112pt>
File: analysis/most_gt_imgs_tot/cr/49508.png Graphic file (type png)

<use analysis/most_gt_imgs_tot/cr/49508.png>
Package pdftex.def Info: analysis/most_gt_imgs_tot/cr/49508.png used on input l
ine 234.
(pdftex.def)             Requested size: 49.68864pt x 49.68832pt.

<analysis/most_gt_imgs_tot/49519.png, id=93, 185.0112pt x 185.0112pt>
File: analysis/most_gt_imgs_tot/49519.png Graphic file (type png)

<use analysis/most_gt_imgs_tot/49519.png>
Package pdftex.def Info: analysis/most_gt_imgs_tot/49519.png used on input line
 235.
(pdftex.def)             Requested size: 49.68864pt x 49.68832pt.

<analysis/most_gt_imgs_tot/cr/49519.png, id=94, 185.0112pt x 185.0112pt>
File: analysis/most_gt_imgs_tot/cr/49519.png Graphic file (type png)

<use analysis/most_gt_imgs_tot/cr/49519.png>
Package pdftex.def Info: analysis/most_gt_imgs_tot/cr/49519.png used on input l
ine 236.
(pdftex.def)             Requested size: 49.68864pt x 49.68832pt.

<analysis/most_gt_imgs_tot/49538.png, id=95, 185.0112pt x 185.0112pt>
File: analysis/most_gt_imgs_tot/49538.png Graphic file (type png)

<use analysis/most_gt_imgs_tot/49538.png>
Package pdftex.def Info: analysis/most_gt_imgs_tot/49538.png used on input line
 237.
(pdftex.def)             Requested size: 49.68864pt x 49.68832pt.

<analysis/most_gt_imgs_tot/cr/49538.png, id=96, 185.0112pt x 185.0112pt>
File: analysis/most_gt_imgs_tot/cr/49538.png Graphic file (type png)

<use analysis/most_gt_imgs_tot/cr/49538.png>
Package pdftex.def Info: analysis/most_gt_imgs_tot/cr/49538.png used on input l
ine 238.
(pdftex.def)             Requested size: 49.68864pt x 49.68832pt.

<analysis/incorrect_classification/cr/48016.png, id=97, 185.0112pt x 185.0112pt
>
File: analysis/incorrect_classification/cr/48016.png Graphic file (type png)
 <use analysis/incorrect_classification/cr/48016.png>
Package pdftex.def Info: analysis/incorrect_classification/cr/48016.png used on
 input line 246.
(pdftex.def)             Requested size: 49.68864pt x 49.68832pt.

<analysis/incorrect_classification/gt/48016.png, id=98, 185.0112pt x 185.0112pt
>
File: analysis/incorrect_classification/gt/48016.png Graphic file (type png)
 <use analysis/incorrect_classification/gt/48016.png>
Package pdftex.def Info: analysis/incorrect_classification/gt/48016.png used on
 input line 247.
(pdftex.def)             Requested size: 49.68864pt x 49.68832pt.

<analysis/incorrect_classification/cr/48030.png, id=99, 185.0112pt x 185.0112pt
>
File: analysis/incorrect_classification/cr/48030.png Graphic file (type png)
 <use analysis/incorrect_classification/cr/48030.png>
Package pdftex.def Info: analysis/incorrect_classification/cr/48030.png used on
 input line 248.
(pdftex.def)             Requested size: 49.68864pt x 49.68832pt.

<analysis/incorrect_classification/gt/48030.png, id=100, 185.0112pt x 185.0112p
t>
File: analysis/incorrect_classification/gt/48030.png Graphic file (type png)
 <use analysis/incorrect_classification/gt/48030.png>
Package pdftex.def Info: analysis/incorrect_classification/gt/48030.png used on
 input line 249.
(pdftex.def)             Requested size: 49.68864pt x 49.68832pt.

<analysis/incorrect_classification/cr/48272.png, id=101, 185.0112pt x 185.0112p
t>
File: analysis/incorrect_classification/cr/48272.png Graphic file (type png)
 <use analysis/incorrect_classification/cr/48272.png>
Package pdftex.def Info: analysis/incorrect_classification/cr/48272.png used on
 input line 250.
(pdftex.def)             Requested size: 49.68864pt x 49.68832pt.

<analysis/incorrect_classification/gt/48272.png, id=102, 185.0112pt x 185.0112p
t>
File: analysis/incorrect_classification/gt/48272.png Graphic file (type png)
 <use analysis/incorrect_classification/gt/48272.png>
Package pdftex.def Info: analysis/incorrect_classification/gt/48272.png used on
 input line 251.
(pdftex.def)             Requested size: 49.68864pt x 49.68832pt.

<analysis/incorrect_classification/cr/48280.png, id=103, 185.0112pt x 185.0112p
t>
File: analysis/incorrect_classification/cr/48280.png Graphic file (type png)
 <use analysis/incorrect_classification/cr/48280.png>
Package pdftex.def Info: analysis/incorrect_classification/cr/48280.png used on
 input line 252.
(pdftex.def)             Requested size: 49.68864pt x 49.68832pt.

<analysis/incorrect_classification/gt/48280.png, id=104, 185.0112pt x 185.0112p
t>
File: analysis/incorrect_classification/gt/48280.png Graphic file (type png)
 <use analysis/incorrect_classification/gt/48280.png>
Package pdftex.def Info: analysis/incorrect_classification/gt/48280.png used on
 input line 253.
(pdftex.def)             Requested size: 49.68864pt x 49.68832pt.

<analysis/incorrect_classification/cr/48464.png, id=105, 185.0112pt x 185.0112p
t>
File: analysis/incorrect_classification/cr/48464.png Graphic file (type png)
 <use analysis/incorrect_classification/cr/48464.png>
Package pdftex.def Info: analysis/incorrect_classification/cr/48464.png used on
 input line 254.
(pdftex.def)             Requested size: 49.68864pt x 49.68832pt.

<analysis/incorrect_classification/gt/48464.png, id=106, 185.0112pt x 185.0112p
t>
File: analysis/incorrect_classification/gt/48464.png Graphic file (type png)
 <use analysis/incorrect_classification/gt/48464.png>
Package pdftex.def Info: analysis/incorrect_classification/gt/48464.png used on
 input line 255.
(pdftex.def)             Requested size: 49.68864pt x 49.68832pt.

<analysis/incorrect_classification/cr/48556.png, id=107, 185.0112pt x 185.0112p
t>
File: analysis/incorrect_classification/cr/48556.png Graphic file (type png)
 <use analysis/incorrect_classification/cr/48556.png>
Package pdftex.def Info: analysis/incorrect_classification/cr/48556.png used on
 input line 256.
(pdftex.def)             Requested size: 49.68864pt x 49.68832pt.

<analysis/incorrect_classification/gt/48556.png, id=108, 185.0112pt x 185.0112p
t>
File: analysis/incorrect_classification/gt/48556.png Graphic file (type png)
 <use analysis/incorrect_classification/gt/48556.png>
Package pdftex.def Info: analysis/incorrect_classification/gt/48556.png used on
 input line 257.
(pdftex.def)             Requested size: 49.68864pt x 49.68832pt.

<analysis/incorrect_classification/cr/48563.png, id=109, 185.0112pt x 185.0112p
t>
File: analysis/incorrect_classification/cr/48563.png Graphic file (type png)
 <use analysis/incorrect_classification/cr/48563.png>
Package pdftex.def Info: analysis/incorrect_classification/cr/48563.png used on
 input line 258.
(pdftex.def)             Requested size: 49.68864pt x 49.68832pt.

<analysis/incorrect_classification/gt/48563.png, id=110, 185.0112pt x 185.0112p
t>
File: analysis/incorrect_classification/gt/48563.png Graphic file (type png)
 <use analysis/incorrect_classification/gt/48563.png>
Package pdftex.def Info: analysis/incorrect_classification/gt/48563.png used on
 input line 259.
(pdftex.def)             Requested size: 49.68864pt x 49.68832pt.

<analysis/incorrect_classification/cr/48567.png, id=111, 185.0112pt x 185.0112p
t>
File: analysis/incorrect_classification/cr/48567.png Graphic file (type png)
 <use analysis/incorrect_classification/cr/48567.png>
Package pdftex.def Info: analysis/incorrect_classification/cr/48567.png used on
 input line 260.
(pdftex.def)             Requested size: 49.68864pt x 49.68832pt.

<analysis/incorrect_classification/gt/48567.png, id=112, 185.0112pt x 185.0112p
t>
File: analysis/incorrect_classification/gt/48567.png Graphic file (type png)
 <use analysis/incorrect_classification/gt/48567.png>
Package pdftex.def Info: analysis/incorrect_classification/gt/48567.png used on
 input line 261.
(pdftex.def)             Requested size: 49.68864pt x 49.68832pt.

<analysis/incorrect_classification/cr/49338.png, id=113, 185.0112pt x 185.0112p
t>
File: analysis/incorrect_classification/cr/49338.png Graphic file (type png)
 <use analysis/incorrect_classification/cr/49338.png>
Package pdftex.def Info: analysis/incorrect_classification/cr/49338.png used on
 input line 262.
(pdftex.def)             Requested size: 49.68864pt x 49.68832pt.

<analysis/incorrect_classification/gt/49338.png, id=114, 185.0112pt x 185.0112p
t>
File: analysis/incorrect_classification/gt/49338.png Graphic file (type png)
 <use analysis/incorrect_classification/gt/49338.png>
Package pdftex.def Info: analysis/incorrect_classification/gt/49338.png used on
 input line 263.
(pdftex.def)             Requested size: 49.68864pt x 49.68832pt.

<analysis/incorrect_classification/cr/49479.png, id=115, 185.0112pt x 185.0112p
t>
File: analysis/incorrect_classification/cr/49479.png Graphic file (type png)
 <use analysis/incorrect_classification/cr/49479.png>
Package pdftex.def Info: analysis/incorrect_classification/cr/49479.png used on
 input line 264.
(pdftex.def)             Requested size: 49.68864pt x 49.68832pt.

<analysis/incorrect_classification/gt/49479.png, id=116, 185.0112pt x 185.0112p
t>
File: analysis/incorrect_classification/gt/49479.png Graphic file (type png)
 <use analysis/incorrect_classification/gt/49479.png>
Package pdftex.def Info: analysis/incorrect_classification/gt/49479.png used on
 input line 265.
(pdftex.def)             Requested size: 49.68864pt x 49.68832pt.
 [4 <./disc_arch.png> <./training.png>] [5 <./analysis/most_cr_imgs_tot/48000.p
ng> <./analysis/most_cr_imgs_tot/gt/48000.png> <./analysis/most_cr_imgs_tot/480
57.png> <./analysis/most_cr_imgs_tot/gt/48057.png> <./analysis/most_cr_imgs_tot
/48506.png> <./analysis/most_cr_imgs_tot/gt/48506.png> <./analysis/most_cr_imgs
_tot/48515.png> <./analysis/most_cr_imgs_tot/gt/48515.png> <./analysis/most_cr_
imgs_tot/48600.png> <./analysis/most_cr_imgs_tot/gt/48600.png> <./analysis/most
_cr_imgs_tot/48929.png> <./analysis/most_cr_imgs_tot/gt/48929.png> <./analysis/
most_cr_imgs_tot/48931.png> <./analysis/most_cr_imgs_tot/gt/48931.png> <./analy
sis/most_cr_imgs_tot/49637.png> <./analysis/most_cr_imgs_tot/gt/49637.png> <./a
nalysis/most_cr_imgs_tot/49676.png> <./analysis/most_cr_imgs_tot/gt/49676.png> 
<./analysis/most_cr_imgs_tot/49905.png> <./analysis/most_cr_imgs_tot/gt/49905.p
ng> <./analysis/most_gt_imgs_tot/49442.png> <./analysis/most_gt_imgs_tot/cr/494
42.png> <./analysis/most_gt_imgs_tot/49444.png> <./analysis/most_gt_imgs_tot/cr
/49444.png> <./analysis/most_gt_imgs_tot/49455.png> <./analysis/most_gt_imgs_to
t/cr/49455.png> <./analysis/most_gt_imgs_tot/49467.png> <./analysis/most_gt_img
s_tot/cr/49467.png> <./analysis/most_gt_imgs_tot/49490.png> <./analysis/most_gt
_imgs_tot/cr/49490.png> <./analysis/most_gt_imgs_tot/49493.png> <./analysis/mos
t_gt_imgs_tot/cr/49493.png> <./analysis/most_gt_imgs_tot/49505.png> <./analysis
/most_gt_imgs_tot/cr/49505.png> <./analysis/most_gt_imgs_tot/49508.png> <./anal
ysis/most_gt_imgs_tot/cr/49508.png> <./analysis/most_gt_imgs_tot/49519.png> <./
analysis/most_gt_imgs_tot/cr/49519.png> <./analysis/most_gt_imgs_tot/49538.png>
 <./analysis/most_gt_imgs_tot/cr/49538.png> <./analysis/incorrect_classificatio
n/cr/48016.png> <./analysis/incorrect_classification/gt/48016.png> <./analysis/
incorrect_classification/cr/48030.png> <./analysis/incorrect_classification/gt/
48030.png> <./analysis/incorrect_classification/cr/48272.png> <./analysis/incor
rect_classification/gt/48272.png> <./analysis/incorrect_classification/cr/48280
.png> <./analysis/incorrect_classification/gt/48280.png> <./analysis/incorrect_
classification/cr/48464.png> <./analysis/incorrect_classification/gt/48464.png>
 <./analysis/incorrect_classification/cr/48556.png> <./analysis/incorrect_class
ification/gt/48556.png> <./analysis/incorrect_classification/cr/48563.png> <./a
nalysis/incorrect_classification/gt/48563.png> <./analysis/incorrect_classifica
tion/cr/48567.png> <./analysis/incorrect_classification/gt/48567.png> <./analys
is/incorrect_classification/cr/49338.png> <./analysis/incorrect_classification/
gt/49338.png> <./analysis/incorrect_classification/cr/49479.png> <./analysis/in
correct_classification/gt/49479.png>]
LaTeX Font Info:    Font shape `OT1/ptm/bx/n' in size <10> not available
(Font)              Font shape `OT1/ptm/b/n' tried instead on input line 304.
Package atveryend Info: Empty hook `BeforeClearDocument' on input line 312.
 [6pdfTeX warning (ext4): destination with the same identifier (name{cite.notes
}) has been already used, duplicate ignored

\@EveryShipout@Output ...@Org@Shipout \box \@cclv 
                                                  
l.312 \end{document}
                    pdfTeX warning (ext4): destination with the same identifier
 (name{cite.notes}) has been already used, duplicate ignored

\@EveryShipout@Output ...@Org@Shipout \box \@cclv 
                                                  
l.312 \end{document}
                    pdfTeX warning (ext4): destination with the same identifier
 (name{cite.notes}) has been already used, duplicate ignored

\@EveryShipout@Output ...@Org@Shipout \box \@cclv 
                                                  
l.312 \end{document}
                    pdfTeX warning (ext4): destination with the same identifier
 (name{cite.notes}) has been already used, duplicate ignored

\@EveryShipout@Output ...@Org@Shipout \box \@cclv 
                                                  
l.312 \end{document}
                    pdfTeX warning (ext4): destination with the same identifier
 (name{cite.notes}) has been already used, duplicate ignored

\@EveryShipout@Output ...@Org@Shipout \box \@cclv 
                                                  
l.312 \end{document}
                    pdfTeX warning (ext4): destination with the same identifier
 (name{cite.notes}) has been already used, duplicate ignored

\@EveryShipout@Output ...@Org@Shipout \box \@cclv 
                                                  
l.312 \end{document}
                    pdfTeX warning (ext4): destination with the same identifier
 (name{cite.notes}) has been already used, duplicate ignored

\@EveryShipout@Output ...@Org@Shipout \box \@cclv 
                                                  
l.312 \end{document}
                    pdfTeX warning (ext4): destination with the same identifier
 (name{cite.notes}) has been already used, duplicate ignored

\@EveryShipout@Output ...@Org@Shipout \box \@cclv 
                                                  
l.312 \end{document}
                    ]
Package atveryend Info: Empty hook `AfterLastShipout' on input line 312.
 (./final_project.aux)
Package atveryend Info: Executing hook `AtVeryEndDocument' on input line 312.
Package atveryend Info: Empty hook `AtEndAfterFileList' on input line 312.


LaTeX Warning: Label(s) may have changed. Rerun to get cross-references right.

Package atveryend Info: Empty hook `AtVeryVeryEnd' on input line 312.
 ) 
Here is how much of TeX's memory you used:
 6711 strings out of 493089
 103678 string characters out of 6134842
 184340 words of memory out of 5000000
 10014 multiletter control sequences out of 15000+600000
 31651 words of font info for 74 fonts, out of 8000000 for 9000
 1141 hyphenation exceptions out of 8191
 34i,9n,26p,1413b,324s stack positions out of 5000i,500n,10000p,200000b,80000s
{/usr/local/texlive/2015/texmf-dist/fonts/enc/dvips/base/8r.enc}</usr/local/t
exlive/2015/texmf-dist/fonts/type1/public/amsfonts/cm/cmex10.pfb></usr/local/te
xlive/2015/texmf-dist/fonts/type1/public/amsfonts/cm/cmmi10.pfb></usr/local/tex
live/2015/texmf-dist/fonts/type1/public/amsfonts/cm/cmmi7.pfb></usr/local/texli
ve/2015/texmf-dist/fonts/type1/public/amsfonts/cm/cmmi9.pfb></usr/local/texlive
/2015/texmf-dist/fonts/type1/public/amsfonts/cm/cmr10.pfb></usr/local/texlive/2
015/texmf-dist/fonts/type1/public/amsfonts/cm/cmr7.pfb></usr/local/texlive/2015
/texmf-dist/fonts/type1/public/amsfonts/cm/cmr9.pfb></usr/local/texlive/2015/te
xmf-dist/fonts/type1/public/amsfonts/cm/cmsy10.pfb></usr/local/texlive/2015/tex
mf-dist/fonts/type1/public/amsfonts/cm/cmsy7.pfb></usr/local/texlive/2015/texmf
-dist/fonts/type1/public/amsfonts/cm/cmsy9.pfb></usr/local/texlive/2015/texmf-d
ist/fonts/type1/public/amsfonts/symbols/msbm10.pfb></usr/local/texlive/2015/tex
mf-dist/fonts/type1/urw/courier/ucrr8a.pfb></usr/local/texlive/2015/texmf-dist/
fonts/type1/urw/times/utmb8a.pfb></usr/local/texlive/2015/texmf-dist/fonts/type
1/urw/times/utmr8a.pfb></usr/local/texlive/2015/texmf-dist/fonts/type1/urw/time
s/utmri8a.pfb>
Output written on final_project.pdf (6 pages, 9892661 bytes).
PDF statistics:
 265 PDF objects out of 1000 (max. 8388607)
 102 compressed objects within 2 object streams
 31 named destinations out of 1000 (max. 500000)
 376 words of extra memory for PDF output out of 10000 (max. 10000000)

